d:\proiect\program_practice\c++primer\query\query\debug\query.pch
d:\proiect\program_practice\c++primer\query\query\debug\vc140.pdb
d:\proiect\program_practice\c++primer\query\query\debug\vc140.idb
d:\proiect\program_practice\c++primer\query\query\debug\stdafx.obj
d:\proiect\program_practice\c++primer\query\query\debug\andquery.obj
d:\proiect\program_practice\c++primer\query\query\debug\binaryquery.obj
d:\proiect\program_practice\c++primer\query\query\debug\noquery.obj
d:\proiect\program_practice\c++primer\query\query\debug\orquery.obj
d:\proiect\program_practice\c++primer\query\query\debug\query.obj
d:\proiect\program_practice\c++primer\query\query\debug\query_main.obj
d:\proiect\program_practice\c++primer\query\query\debug\queryresult.obj
d:\proiect\program_practice\c++primer\query\query\debug\query_base.obj
d:\proiect\program_practice\c++primer\query\query\debug\textquery.obj
d:\proiect\program_practice\c++primer\query\query\debug\wordquery.obj
d:\proiect\program_practice\c++primer\query\debug\query.ilk
d:\proiect\program_practice\c++primer\query\debug\query.exe
d:\proiect\program_practice\c++primer\query\debug\query.pdb
d:\proiect\program_practice\c++primer\query\query\debug\query.tlog\cl.command.1.tlog
d:\proiect\program_practice\c++primer\query\query\debug\query.tlog\cl.read.1.tlog
d:\proiect\program_practice\c++primer\query\query\debug\query.tlog\cl.write.1.tlog
d:\proiect\program_practice\c++primer\query\query\debug\query.tlog\link.command.1.tlog
d:\proiect\program_practice\c++primer\query\query\debug\query.tlog\link.read.1.tlog
d:\proiect\program_practice\c++primer\query\query\debug\query.tlog\link.write.1.tlog
